<?xml version="1.0" encoding="UTF-8"?>
<!-- Generated by org.testng.reporters.JUnitXMLReporter -->
<testsuite ignored="0" hostname="DESKTOP-BR6NN8U" failures="0" tests="11" name="Default test" time="82.839" errors="0" timestamp="2021-11-23T17:39:45 IST">
  <testcase classname="com.mindtree.runner.bigsmallSite" name="TestCase1" time="9.672"/>
  <testcase classname="com.mindtree.runner.bigsmallSite" name="TestCase2" time="9.366"/>
  <testcase classname="com.mindtree.runner.bigsmallSite" name="TestCase2" time="6.485"/>
  <testcase classname="com.mindtree.runner.bigsmallSite" name="TestCase2" time="6.667"/>
  <testcase classname="com.mindtree.runner.bigsmallSite" name="TestCase3" time="2.763"/>
  <testcase classname="com.mindtree.runner.bigsmallSite" name="TestCase4" time="2.207"/>
  <testcase classname="com.mindtree.runner.bigsmallSite" name="TestCase5" time="8.221"/>
  <testcase classname="com.mindtree.runner.bigsmallSite" name="TestCase6" time="7.372"/>
  <testcase classname="com.mindtree.runner.bigsmallSite" name="TestCase7" time="0.897"/>
  <testcase classname="com.mindtree.runner.bigsmallSite" name="TestCase8" time="7.397"/>
  <testcase classname="com.mindtree.runner.bigsmallSite" name="TestCase9" time="21.745"/>
</testsuite> <!-- Default test -->
