<?xml version="1.0" encoding="UTF-8"?>
<testng-results ignored="0" total="11" passed="11" failed="0" skipped="0">
  <reporter-output>
  </reporter-output>
  <suite started-at="2021-11-24T09:46:19 IST" name="Suite" finished-at="2021-11-24T09:48:07 IST" duration-ms="107379">
    <groups>
    </groups>
    <test started-at="2021-11-24T09:46:19 IST" name="Test" finished-at="2021-11-24T09:48:07 IST" duration-ms="107379">
      <class name="com.mindtree.runner.bigsmallSite">
        <test-method signature="TestCase1()[pri:1, instance:com.mindtree.runner.bigsmallSite@5a45133e]" started-at="2021-11-24T09:46:19 IST" name="TestCase1" finished-at="2021-11-24T09:46:30 IST" duration-ms="10619" status="PASS">
          <reporter-output>
          </reporter-output>
        </test-method> <!-- TestCase1 -->
        <test-method signature="TestCase2(java.lang.String, java.lang.String)[pri:2, instance:com.mindtree.runner.bigsmallSite@5a45133e]" started-at="2021-11-24T09:46:30 IST" name="TestCase2" data-provider="LoginDetails" finished-at="2021-11-24T09:46:38 IST" duration-ms="7876" status="PASS">
          <params>
            <param index="0">
              <value>
                <![CDATA[]]>
              </value>
            </param>
            <param index="1">
              <value>
                <![CDATA[]]>
              </value>
            </param>
          </params>
          <reporter-output>
          </reporter-output>
        </test-method> <!-- TestCase2 -->
        <test-method signature="TestCase2(java.lang.String, java.lang.String)[pri:2, instance:com.mindtree.runner.bigsmallSite@5a45133e]" started-at="2021-11-24T09:46:39 IST" name="TestCase2" data-provider="LoginDetails" finished-at="2021-11-24T09:46:47 IST" duration-ms="7434" status="PASS">
          <params>
            <param index="0">
              <value>
                <![CDATA[Simon@123]]>
              </value>
            </param>
            <param index="1">
              <value>
                <![CDATA[abcd]]>
              </value>
            </param>
          </params>
          <reporter-output>
          </reporter-output>
        </test-method> <!-- TestCase2 -->
        <test-method signature="TestCase2(java.lang.String, java.lang.String)[pri:2, instance:com.mindtree.runner.bigsmallSite@5a45133e]" started-at="2021-11-24T09:46:47 IST" name="TestCase2" data-provider="LoginDetails" finished-at="2021-11-24T09:46:55 IST" duration-ms="7471" status="PASS">
          <params>
            <param index="0">
              <value>
                <![CDATA[pevomek@mainctu.com]]>
              </value>
            </param>
            <param index="1">
              <value>
                <![CDATA[14785@23690]]>
              </value>
            </param>
          </params>
          <reporter-output>
          </reporter-output>
        </test-method> <!-- TestCase2 -->
        <test-method signature="TestCase3()[pri:3, instance:com.mindtree.runner.bigsmallSite@5a45133e]" started-at="2021-11-24T09:46:55 IST" name="TestCase3" finished-at="2021-11-24T09:46:59 IST" duration-ms="4777" status="PASS">
          <reporter-output>
          </reporter-output>
        </test-method> <!-- TestCase3 -->
        <test-method signature="TestCase4()[pri:4, instance:com.mindtree.runner.bigsmallSite@5a45133e]" started-at="2021-11-24T09:47:00 IST" name="TestCase4" finished-at="2021-11-24T09:47:02 IST" duration-ms="2088" status="PASS">
          <reporter-output>
          </reporter-output>
        </test-method> <!-- TestCase4 -->
        <test-method signature="TestCase5()[pri:5, instance:com.mindtree.runner.bigsmallSite@5a45133e]" started-at="2021-11-24T09:47:02 IST" name="TestCase5" finished-at="2021-11-24T09:47:11 IST" duration-ms="8102" status="PASS">
          <reporter-output>
          </reporter-output>
        </test-method> <!-- TestCase5 -->
        <test-method signature="TestCase6()[pri:6, instance:com.mindtree.runner.bigsmallSite@5a45133e]" started-at="2021-11-24T09:47:11 IST" name="TestCase6" finished-at="2021-11-24T09:47:20 IST" duration-ms="8885" status="PASS">
          <reporter-output>
          </reporter-output>
        </test-method> <!-- TestCase6 -->
        <test-method signature="TestCase7()[pri:7, instance:com.mindtree.runner.bigsmallSite@5a45133e]" started-at="2021-11-24T09:47:20 IST" name="TestCase7" finished-at="2021-11-24T09:47:37 IST" duration-ms="16954" status="PASS">
          <reporter-output>
          </reporter-output>
        </test-method> <!-- TestCase7 -->
        <test-method signature="TestCase8()[pri:8, instance:com.mindtree.runner.bigsmallSite@5a45133e]" started-at="2021-11-24T09:47:37 IST" name="TestCase8" finished-at="2021-11-24T09:47:49 IST" duration-ms="11236" status="PASS">
          <reporter-output>
          </reporter-output>
        </test-method> <!-- TestCase8 -->
        <test-method signature="TestCase9()[pri:9, instance:com.mindtree.runner.bigsmallSite@5a45133e]" started-at="2021-11-24T09:47:49 IST" name="TestCase9" finished-at="2021-11-24T09:48:07 IST" duration-ms="17777" status="PASS">
          <reporter-output>
          </reporter-output>
        </test-method> <!-- TestCase9 -->
        <test-method is-config="true" signature="closeDriver()[pri:0, instance:com.mindtree.runner.bigsmallSite@5a45133e]" started-at="2021-11-24T09:48:07 IST" name="closeDriver" finished-at="2021-11-24T09:48:07 IST" duration-ms="136" status="PASS">
          <reporter-output>
          </reporter-output>
        </test-method> <!-- closeDriver -->
      </class> <!-- com.mindtree.runner.bigsmallSite -->
    </test> <!-- Test -->
  </suite> <!-- Suite -->
</testng-results>
